<?xml version="1.0" encoding="UTF-8"?>
<!-- Generated by org.testng.reporters.JUnitReportReporter -->
<testsuite hostname="DESKTOP-4IASL1S" failures="0" tests="3" name="Test.Test_Annotation" time="0.017" errors="0" timestamp="2024-10-13T21:00:07 IST" skipped="1">
  <testcase classname="Test.Test_Annotation" name="testD" time="0.003"/>
  <system-out/>
  <testcase classname="Test.Test_Annotation" name="testB" time="0.014"/>
  <system-out/>
  <testcase classname="Test.Test_Annotation" name="testA">
    <skipped/>
  </testcase> <!-- testA -->
  <system-out/>
</testsuite> <!-- Test.Test_Annotation -->
